<?xml version="1.0" encoding="UTF-8"?>
<testsuite xmlns:xsi="http://www.w3.org/2001/XMLSchema-instance" xsi:noNamespaceSchemaLocation="https://maven.apache.org/surefire/maven-surefire-plugin/xsd/surefire-test-report-3.0.xsd" version="3.0" name="TestSuite" time="0.316" tests="1" errors="0" skipped="0" failures="0">
  <properties>
    <property name="java.specification.version" value="14"/>
    <property name="sun.jnu.encoding" value="UTF-8"/>
    <property name="java.class.path" value="/Users/moganraj/eclipse-workspace/HelloWorld/target/test-classes:/Users/moganraj/eclipse-workspace/HelloWorld/target/classes:/Users/moganraj/.m2/repository/org/seleniumhq/selenium/selenium-java/4.0.0-alpha-4/selenium-java-4.0.0-alpha-4.jar:/Users/moganraj/.m2/repository/org/seleniumhq/selenium/selenium-api/4.0.0-alpha-4/selenium-api-4.0.0-alpha-4.jar:/Users/moganraj/.m2/repository/org/seleniumhq/selenium/selenium-chrome-driver/4.0.0-alpha-4/selenium-chrome-driver-4.0.0-alpha-4.jar:/Users/moganraj/.m2/repository/com/google/auto/service/auto-service-annotations/1.0-rc6/auto-service-annotations-1.0-rc6.jar:/Users/moganraj/.m2/repository/com/google/auto/service/auto-service/1.0-rc6/auto-service-1.0-rc6.jar:/Users/moganraj/.m2/repository/com/google/auto/auto-common/0.10/auto-common-0.10.jar:/Users/moganraj/.m2/repository/com/google/guava/guava/28.2-jre/guava-28.2-jre.jar:/Users/moganraj/.m2/repository/com/google/guava/failureaccess/1.0.1/failureaccess-1.0.1.jar:/Users/moganraj/.m2/repository/com/google/guava/listenablefuture/9999.0-empty-to-avoid-conflict-with-guava/listenablefuture-9999.0-empty-to-avoid-conflict-with-guava.jar:/Users/moganraj/.m2/repository/com/google/code/findbugs/jsr305/3.0.2/jsr305-3.0.2.jar:/Users/moganraj/.m2/repository/org/checkerframework/checker-qual/2.10.0/checker-qual-2.10.0.jar:/Users/moganraj/.m2/repository/com/google/errorprone/error_prone_annotations/2.3.4/error_prone_annotations-2.3.4.jar:/Users/moganraj/.m2/repository/com/google/j2objc/j2objc-annotations/1.3/j2objc-annotations-1.3.jar:/Users/moganraj/.m2/repository/org/seleniumhq/selenium/selenium-chromium-driver/4.0.0-alpha-4/selenium-chromium-driver-4.0.0-alpha-4.jar:/Users/moganraj/.m2/repository/org/seleniumhq/selenium/selenium-devtools/4.0.0-alpha-4/selenium-devtools-4.0.0-alpha-4.jar:/Users/moganraj/.m2/repository/org/seleniumhq/selenium/selenium-http/4.0.0-alpha-4/selenium-http-4.0.0-alpha-4.jar:/Users/moganraj/.m2/repository/org/seleniumhq/selenium/selenium-json/4.0.0-alpha-4/selenium-json-4.0.0-alpha-4.jar:/Users/moganraj/.m2/repository/org/seleniumhq/selenium/selenium-edge-driver/4.0.0-alpha-4/selenium-edge-driver-4.0.0-alpha-4.jar:/Users/moganraj/.m2/repository/org/seleniumhq/selenium/selenium-edgehtml-driver/4.0.0-alpha-4/selenium-edgehtml-driver-4.0.0-alpha-4.jar:/Users/moganraj/.m2/repository/org/seleniumhq/selenium/selenium-firefox-driver/4.0.0-alpha-4/selenium-firefox-driver-4.0.0-alpha-4.jar:/Users/moganraj/.m2/repository/org/seleniumhq/selenium/selenium-firefox-xpi-driver/4.0.0-alpha-4/selenium-firefox-xpi-driver-4.0.0-alpha-4.jar:/Users/moganraj/.m2/repository/org/seleniumhq/selenium/selenium-ie-driver/4.0.0-alpha-4/selenium-ie-driver-4.0.0-alpha-4.jar:/Users/moganraj/.m2/repository/org/seleniumhq/selenium/selenium-opera-driver/4.0.0-alpha-4/selenium-opera-driver-4.0.0-alpha-4.jar:/Users/moganraj/.m2/repository/org/seleniumhq/selenium/selenium-remote-driver/4.0.0-alpha-4/selenium-remote-driver-4.0.0-alpha-4.jar:/Users/moganraj/.m2/repository/com/squareup/okhttp3/okhttp/4.3.0/okhttp-4.3.0.jar:/Users/moganraj/.m2/repository/com/squareup/okio/okio/2.4.1/okio-2.4.1.jar:/Users/moganraj/.m2/repository/org/jetbrains/kotlin/kotlin-stdlib-common/1.3.50/kotlin-stdlib-common-1.3.50.jar:/Users/moganraj/.m2/repository/org/jetbrains/kotlin/kotlin-stdlib/1.3.61/kotlin-stdlib-1.3.61.jar:/Users/moganraj/.m2/repository/org/jetbrains/annotations/13.0/annotations-13.0.jar:/Users/moganraj/.m2/repository/com/typesafe/netty/netty-reactive-streams/2.0.4/netty-reactive-streams-2.0.4.jar:/Users/moganraj/.m2/repository/io/netty/netty-handler/4.1.43.Final/netty-handler-4.1.43.Final.jar:/Users/moganraj/.m2/repository/io/netty/netty-common/4.1.43.Final/netty-common-4.1.43.Final.jar:/Users/moganraj/.m2/repository/io/netty/netty-buffer/4.1.43.Final/netty-buffer-4.1.43.Final.jar:/Users/moganraj/.m2/repository/io/netty/netty-transport/4.1.43.Final/netty-transport-4.1.43.Final.jar:/Users/moganraj/.m2/repository/io/netty/netty-codec/4.1.43.Final/netty-codec-4.1.43.Final.jar:/Users/moganraj/.m2/repository/org/reactivestreams/reactive-streams/1.0.3/reactive-streams-1.0.3.jar:/Users/moganraj/.m2/repository/io/opentracing/opentracing-api/0.33.0/opentracing-api-0.33.0.jar:/Users/moganraj/.m2/repository/net/bytebuddy/byte-buddy/1.10.6/byte-buddy-1.10.6.jar:/Users/moganraj/.m2/repository/org/apache/commons/commons-exec/1.3/commons-exec-1.3.jar:/Users/moganraj/.m2/repository/org/asynchttpclient/async-http-client/2.10.4/async-http-client-2.10.4.jar:/Users/moganraj/.m2/repository/org/asynchttpclient/async-http-client-netty-utils/2.10.4/async-http-client-netty-utils-2.10.4.jar:/Users/moganraj/.m2/repository/io/netty/netty-codec-http/4.1.42.Final/netty-codec-http-4.1.42.Final.jar:/Users/moganraj/.m2/repository/io/netty/netty-codec-socks/4.1.42.Final/netty-codec-socks-4.1.42.Final.jar:/Users/moganraj/.m2/repository/io/netty/netty-handler-proxy/4.1.42.Final/netty-handler-proxy-4.1.42.Final.jar:/Users/moganraj/.m2/repository/io/netty/netty-transport-native-epoll/4.1.42.Final/netty-transport-native-epoll-4.1.42.Final-linux-x86_64.jar:/Users/moganraj/.m2/repository/io/netty/netty-transport-native-unix-common/4.1.42.Final/netty-transport-native-unix-common-4.1.42.Final.jar:/Users/moganraj/.m2/repository/io/netty/netty-transport-native-kqueue/4.1.42.Final/netty-transport-native-kqueue-4.1.42.Final-osx-x86_64.jar:/Users/moganraj/.m2/repository/io/netty/netty-resolver-dns/4.1.42.Final/netty-resolver-dns-4.1.42.Final.jar:/Users/moganraj/.m2/repository/io/netty/netty-resolver/4.1.42.Final/netty-resolver-4.1.42.Final.jar:/Users/moganraj/.m2/repository/io/netty/netty-codec-dns/4.1.42.Final/netty-codec-dns-4.1.42.Final.jar:/Users/moganraj/.m2/repository/com/sun/activation/javax.activation/1.2.0/javax.activation-1.2.0.jar:/Users/moganraj/.m2/repository/org/seleniumhq/selenium/selenium-safari-driver/4.0.0-alpha-4/selenium-safari-driver-4.0.0-alpha-4.jar:/Users/moganraj/.m2/repository/org/seleniumhq/selenium/selenium-support/4.0.0-alpha-4/selenium-support-4.0.0-alpha-4.jar:/Users/moganraj/.m2/repository/org/testng/testng/7.1.0/testng-7.1.0.jar:/Users/moganraj/.m2/repository/com/beust/jcommander/1.72/jcommander-1.72.jar:/Users/moganraj/.m2/repository/com/google/inject/guice/4.1.0/guice-4.1.0-no_aop.jar:/Users/moganraj/.m2/repository/javax/inject/javax.inject/1/javax.inject-1.jar:/Users/moganraj/.m2/repository/aopalliance/aopalliance/1.0/aopalliance-1.0.jar:/Users/moganraj/.m2/repository/org/yaml/snakeyaml/1.21/snakeyaml-1.21.jar:/Users/moganraj/.m2/repository/io/github/bonigarcia/webdrivermanager/3.8.1/webdrivermanager-3.8.1.jar:/Users/moganraj/.m2/repository/org/slf4j/slf4j-api/1.7.25/slf4j-api-1.7.25.jar:/Users/moganraj/.m2/repository/commons-io/commons-io/2.6/commons-io-2.6.jar:/Users/moganraj/.m2/repository/com/google/code/gson/gson/2.8.5/gson-2.8.5.jar:/Users/moganraj/.m2/repository/org/apache/commons/commons-lang3/3.8.1/commons-lang3-3.8.1.jar:/Users/moganraj/.m2/repository/org/apache/httpcomponents/httpclient/4.5.6/httpclient-4.5.6.jar:/Users/moganraj/.m2/repository/org/apache/httpcomponents/httpcore/4.4.10/httpcore-4.4.10.jar:/Users/moganraj/.m2/repository/commons-logging/commons-logging/1.2/commons-logging-1.2.jar:/Users/moganraj/.m2/repository/commons-codec/commons-codec/1.10/commons-codec-1.10.jar:/Users/moganraj/.m2/repository/org/rauschig/jarchivelib/1.0.0/jarchivelib-1.0.0.jar:/Users/moganraj/.m2/repository/org/apache/commons/commons-compress/1.18/commons-compress-1.18.jar:/Users/moganraj/.m2/repository/org/jsoup/jsoup/1.11.3/jsoup-1.11.3.jar:"/>
    <property name="java.vm.vendor" value="Oracle Corporation"/>
    <property name="sun.arch.data.model" value="64"/>
    <property name="java.vendor.url" value="https://java.oracle.com/"/>
    <property name="user.timezone" value="America/New_York"/>
    <property name="os.name" value="Mac OS X"/>
    <property name="java.vm.specification.version" value="14"/>
    <property name="sun.java.launcher" value="SUN_STANDARD"/>
    <property name="user.country" value="US"/>
    <property name="sun.boot.library.path" value="/Library/Java/JavaVirtualMachines/jdk-14.0.2.jdk/Contents/Home/lib"/>
    <property name="sun.java.command" value="/Users/moganraj/eclipse-workspace/HelloWorld/target/surefire/surefirebooter376221139406837147.jar /Users/moganraj/eclipse-workspace/HelloWorld/target/surefire 2020-11-06T20-12-08_651-jvmRun1 surefire8256888540584426306tmp surefire_06388371548170241694tmp"/>
    <property name="http.nonProxyHosts" value="local|*.local|169.254/16|*.169.254/16"/>
    <property name="jdk.debug" value="release"/>
    <property name="surefire.test.class.path" value="/Users/moganraj/eclipse-workspace/HelloWorld/target/test-classes:/Users/moganraj/eclipse-workspace/HelloWorld/target/classes:/Users/moganraj/.m2/repository/org/seleniumhq/selenium/selenium-java/4.0.0-alpha-4/selenium-java-4.0.0-alpha-4.jar:/Users/moganraj/.m2/repository/org/seleniumhq/selenium/selenium-api/4.0.0-alpha-4/selenium-api-4.0.0-alpha-4.jar:/Users/moganraj/.m2/repository/org/seleniumhq/selenium/selenium-chrome-driver/4.0.0-alpha-4/selenium-chrome-driver-4.0.0-alpha-4.jar:/Users/moganraj/.m2/repository/com/google/auto/service/auto-service-annotations/1.0-rc6/auto-service-annotations-1.0-rc6.jar:/Users/moganraj/.m2/repository/com/google/auto/service/auto-service/1.0-rc6/auto-service-1.0-rc6.jar:/Users/moganraj/.m2/repository/com/google/auto/auto-common/0.10/auto-common-0.10.jar:/Users/moganraj/.m2/repository/com/google/guava/guava/28.2-jre/guava-28.2-jre.jar:/Users/moganraj/.m2/repository/com/google/guava/failureaccess/1.0.1/failureaccess-1.0.1.jar:/Users/moganraj/.m2/repository/com/google/guava/listenablefuture/9999.0-empty-to-avoid-conflict-with-guava/listenablefuture-9999.0-empty-to-avoid-conflict-with-guava.jar:/Users/moganraj/.m2/repository/com/google/code/findbugs/jsr305/3.0.2/jsr305-3.0.2.jar:/Users/moganraj/.m2/repository/org/checkerframework/checker-qual/2.10.0/checker-qual-2.10.0.jar:/Users/moganraj/.m2/repository/com/google/errorprone/error_prone_annotations/2.3.4/error_prone_annotations-2.3.4.jar:/Users/moganraj/.m2/repository/com/google/j2objc/j2objc-annotations/1.3/j2objc-annotations-1.3.jar:/Users/moganraj/.m2/repository/org/seleniumhq/selenium/selenium-chromium-driver/4.0.0-alpha-4/selenium-chromium-driver-4.0.0-alpha-4.jar:/Users/moganraj/.m2/repository/org/seleniumhq/selenium/selenium-devtools/4.0.0-alpha-4/selenium-devtools-4.0.0-alpha-4.jar:/Users/moganraj/.m2/repository/org/seleniumhq/selenium/selenium-http/4.0.0-alpha-4/selenium-http-4.0.0-alpha-4.jar:/Users/moganraj/.m2/repository/org/seleniumhq/selenium/selenium-json/4.0.0-alpha-4/selenium-json-4.0.0-alpha-4.jar:/Users/moganraj/.m2/repository/org/seleniumhq/selenium/selenium-edge-driver/4.0.0-alpha-4/selenium-edge-driver-4.0.0-alpha-4.jar:/Users/moganraj/.m2/repository/org/seleniumhq/selenium/selenium-edgehtml-driver/4.0.0-alpha-4/selenium-edgehtml-driver-4.0.0-alpha-4.jar:/Users/moganraj/.m2/repository/org/seleniumhq/selenium/selenium-firefox-driver/4.0.0-alpha-4/selenium-firefox-driver-4.0.0-alpha-4.jar:/Users/moganraj/.m2/repository/org/seleniumhq/selenium/selenium-firefox-xpi-driver/4.0.0-alpha-4/selenium-firefox-xpi-driver-4.0.0-alpha-4.jar:/Users/moganraj/.m2/repository/org/seleniumhq/selenium/selenium-ie-driver/4.0.0-alpha-4/selenium-ie-driver-4.0.0-alpha-4.jar:/Users/moganraj/.m2/repository/org/seleniumhq/selenium/selenium-opera-driver/4.0.0-alpha-4/selenium-opera-driver-4.0.0-alpha-4.jar:/Users/moganraj/.m2/repository/org/seleniumhq/selenium/selenium-remote-driver/4.0.0-alpha-4/selenium-remote-driver-4.0.0-alpha-4.jar:/Users/moganraj/.m2/repository/com/squareup/okhttp3/okhttp/4.3.0/okhttp-4.3.0.jar:/Users/moganraj/.m2/repository/com/squareup/okio/okio/2.4.1/okio-2.4.1.jar:/Users/moganraj/.m2/repository/org/jetbrains/kotlin/kotlin-stdlib-common/1.3.50/kotlin-stdlib-common-1.3.50.jar:/Users/moganraj/.m2/repository/org/jetbrains/kotlin/kotlin-stdlib/1.3.61/kotlin-stdlib-1.3.61.jar:/Users/moganraj/.m2/repository/org/jetbrains/annotations/13.0/annotations-13.0.jar:/Users/moganraj/.m2/repository/com/typesafe/netty/netty-reactive-streams/2.0.4/netty-reactive-streams-2.0.4.jar:/Users/moganraj/.m2/repository/io/netty/netty-handler/4.1.43.Final/netty-handler-4.1.43.Final.jar:/Users/moganraj/.m2/repository/io/netty/netty-common/4.1.43.Final/netty-common-4.1.43.Final.jar:/Users/moganraj/.m2/repository/io/netty/netty-buffer/4.1.43.Final/netty-buffer-4.1.43.Final.jar:/Users/moganraj/.m2/repository/io/netty/netty-transport/4.1.43.Final/netty-transport-4.1.43.Final.jar:/Users/moganraj/.m2/repository/io/netty/netty-codec/4.1.43.Final/netty-codec-4.1.43.Final.jar:/Users/moganraj/.m2/repository/org/reactivestreams/reactive-streams/1.0.3/reactive-streams-1.0.3.jar:/Users/moganraj/.m2/repository/io/opentracing/opentracing-api/0.33.0/opentracing-api-0.33.0.jar:/Users/moganraj/.m2/repository/net/bytebuddy/byte-buddy/1.10.6/byte-buddy-1.10.6.jar:/Users/moganraj/.m2/repository/org/apache/commons/commons-exec/1.3/commons-exec-1.3.jar:/Users/moganraj/.m2/repository/org/asynchttpclient/async-http-client/2.10.4/async-http-client-2.10.4.jar:/Users/moganraj/.m2/repository/org/asynchttpclient/async-http-client-netty-utils/2.10.4/async-http-client-netty-utils-2.10.4.jar:/Users/moganraj/.m2/repository/io/netty/netty-codec-http/4.1.42.Final/netty-codec-http-4.1.42.Final.jar:/Users/moganraj/.m2/repository/io/netty/netty-codec-socks/4.1.42.Final/netty-codec-socks-4.1.42.Final.jar:/Users/moganraj/.m2/repository/io/netty/netty-handler-proxy/4.1.42.Final/netty-handler-proxy-4.1.42.Final.jar:/Users/moganraj/.m2/repository/io/netty/netty-transport-native-epoll/4.1.42.Final/netty-transport-native-epoll-4.1.42.Final-linux-x86_64.jar:/Users/moganraj/.m2/repository/io/netty/netty-transport-native-unix-common/4.1.42.Final/netty-transport-native-unix-common-4.1.42.Final.jar:/Users/moganraj/.m2/repository/io/netty/netty-transport-native-kqueue/4.1.42.Final/netty-transport-native-kqueue-4.1.42.Final-osx-x86_64.jar:/Users/moganraj/.m2/repository/io/netty/netty-resolver-dns/4.1.42.Final/netty-resolver-dns-4.1.42.Final.jar:/Users/moganraj/.m2/repository/io/netty/netty-resolver/4.1.42.Final/netty-resolver-4.1.42.Final.jar:/Users/moganraj/.m2/repository/io/netty/netty-codec-dns/4.1.42.Final/netty-codec-dns-4.1.42.Final.jar:/Users/moganraj/.m2/repository/com/sun/activation/javax.activation/1.2.0/javax.activation-1.2.0.jar:/Users/moganraj/.m2/repository/org/seleniumhq/selenium/selenium-safari-driver/4.0.0-alpha-4/selenium-safari-driver-4.0.0-alpha-4.jar:/Users/moganraj/.m2/repository/org/seleniumhq/selenium/selenium-support/4.0.0-alpha-4/selenium-support-4.0.0-alpha-4.jar:/Users/moganraj/.m2/repository/org/testng/testng/7.1.0/testng-7.1.0.jar:/Users/moganraj/.m2/repository/com/beust/jcommander/1.72/jcommander-1.72.jar:/Users/moganraj/.m2/repository/com/google/inject/guice/4.1.0/guice-4.1.0-no_aop.jar:/Users/moganraj/.m2/repository/javax/inject/javax.inject/1/javax.inject-1.jar:/Users/moganraj/.m2/repository/aopalliance/aopalliance/1.0/aopalliance-1.0.jar:/Users/moganraj/.m2/repository/org/yaml/snakeyaml/1.21/snakeyaml-1.21.jar:/Users/moganraj/.m2/repository/io/github/bonigarcia/webdrivermanager/3.8.1/webdrivermanager-3.8.1.jar:/Users/moganraj/.m2/repository/org/slf4j/slf4j-api/1.7.25/slf4j-api-1.7.25.jar:/Users/moganraj/.m2/repository/commons-io/commons-io/2.6/commons-io-2.6.jar:/Users/moganraj/.m2/repository/com/google/code/gson/gson/2.8.5/gson-2.8.5.jar:/Users/moganraj/.m2/repository/org/apache/commons/commons-lang3/3.8.1/commons-lang3-3.8.1.jar:/Users/moganraj/.m2/repository/org/apache/httpcomponents/httpclient/4.5.6/httpclient-4.5.6.jar:/Users/moganraj/.m2/repository/org/apache/httpcomponents/httpcore/4.4.10/httpcore-4.4.10.jar:/Users/moganraj/.m2/repository/commons-logging/commons-logging/1.2/commons-logging-1.2.jar:/Users/moganraj/.m2/repository/commons-codec/commons-codec/1.10/commons-codec-1.10.jar:/Users/moganraj/.m2/repository/org/rauschig/jarchivelib/1.0.0/jarchivelib-1.0.0.jar:/Users/moganraj/.m2/repository/org/apache/commons/commons-compress/1.18/commons-compress-1.18.jar:/Users/moganraj/.m2/repository/org/jsoup/jsoup/1.11.3/jsoup-1.11.3.jar:"/>
    <property name="sun.cpu.endian" value="little"/>
    <property name="user.home" value="/Users/moganraj"/>
    <property name="user.language" value="en"/>
    <property name="java.specification.vendor" value="Oracle Corporation"/>
    <property name="java.version.date" value="2020-07-14"/>
    <property name="java.home" value="/Library/Java/JavaVirtualMachines/jdk-14.0.2.jdk/Contents/Home"/>
    <property name="file.separator" value="/"/>
    <property name="basedir" value="/Users/moganraj/eclipse-workspace/HelloWorld"/>
    <property name="java.vm.compressedOopsMode" value="Zero based"/>
    <property name="line.separator" value="&#10;"/>
    <property name="java.specification.name" value="Java Platform API Specification"/>
    <property name="java.vm.specification.vendor" value="Oracle Corporation"/>
    <property name="surefire.real.class.path" value="/Users/moganraj/eclipse-workspace/HelloWorld/target/surefire/surefirebooter376221139406837147.jar"/>
    <property name="sun.management.compiler" value="HotSpot 64-Bit Tiered Compilers"/>
    <property name="ftp.nonProxyHosts" value="local|*.local|169.254/16|*.169.254/16"/>
    <property name="java.runtime.version" value="14.0.2+12-46"/>
    <property name="user.name" value="moganraj"/>
    <property name="path.separator" value=":"/>
    <property name="os.version" value="10.15.7"/>
    <property name="java.runtime.name" value="Java(TM) SE Runtime Environment"/>
    <property name="file.encoding" value="UTF-8"/>
    <property name="java.vm.name" value="Java HotSpot(TM) 64-Bit Server VM"/>
    <property name="localRepository" value="/Users/moganraj/.m2/repository"/>
    <property name="java.vendor.url.bug" value="https://bugreport.java.com/bugreport/"/>
    <property name="java.io.tmpdir" value="/var/folders/hg/gnvn8pj90kd33l76ssps3sb40000gn/T/"/>
    <property name="java.version" value="14.0.2"/>
    <property name="user.dir" value="/Users/moganraj/eclipse-workspace/HelloWorld"/>
    <property name="os.arch" value="x86_64"/>
    <property name="java.vm.specification.name" value="Java Virtual Machine Specification"/>
    <property name="java.library.path" value="/Users/moganraj/Library/Java/Extensions:/Library/Java/Extensions:/Network/Library/Java/Extensions:/System/Library/Java/Extensions:/usr/lib/java:."/>
    <property name="java.vm.info" value="mixed mode, sharing"/>
    <property name="java.vendor" value="Oracle Corporation"/>
    <property name="java.vm.version" value="14.0.2+12-46"/>
    <property name="sun.io.unicode.encoding" value="UnicodeBig"/>
    <property name="socksNonProxyHosts" value="local|*.local|169.254/16|*.169.254/16"/>
    <property name="java.class.version" value="58.0"/>
  </properties>
  <testcase name="testfn" classname="com.qa.test.Testing" time="0.004"/>
</testsuite>