<?xml version="1.0" encoding="UTF-8"?>
<!-- Generated by org.testng.reporters.JUnitReportReporter -->
<testsuite hostname="Moganrajs-MacBook-Pro.local" failures="0" tests="1" name="com.qa.test.Testing" time="0.003" errors="0" timestamp="2020-11-06T20:12:09 EST" skipped="0">
  <testcase classname="com.qa.test.Testing" name="testfn" time="0.003"/>
  <system-out/>
</testsuite> <!-- com.qa.test.Testing -->
